2016-09-01 15:38:10 - Data Model Read Time: 67097697ms
2016-09-01 15:38:10 - Executing the 1th query... ...
2016-09-01 15:38:11 - 
PREFIX  geo:  <http://www.opengis.net/ont/geosparql#>
PREFIX  geor: <http://www.opengis.net/def/rule/geosparql/>
PREFIX  uom:  <http://www.opengis.net/def/uom/OGC/1.0/>
PREFIX  sf:   <http://www.opengis.net/ont/sf#>
PREFIX  geof: <http://www.opengis.net/def/function/geosparql/>
PREFIX  rdf:  <http://www.w3.org/1999/02/22-rdf-syntax-ns#>
PREFIX  xsd:  <http://www.w3.org/2001/XMLSchema#>
PREFIX  rdfs: <http://www.w3.org/2000/01/rdf-schema#>
PREFIX  ntu:  <http://ntu.ac.uk/ont/geo#>

SELECT  ?place
WHERE
  { ?place  rdf:type  ntu:PlaceOfInterest ;
            ntu:name  "place1"
  }

2016-09-01 15:38:11 - Query Execution Time: 190 ms With 1 Result
2016-09-01 15:38:11 - Executing the 2th query... ...
2016-09-01 15:38:11 - 
PREFIX  geo:  <http://www.opengis.net/ont/geosparql#>
PREFIX  geor: <http://www.opengis.net/def/rule/geosparql/>
PREFIX  uom:  <http://www.opengis.net/def/uom/OGC/1.0/>
PREFIX  sf:   <http://www.opengis.net/ont/sf#>
PREFIX  geof: <http://www.opengis.net/def/function/geosparql/>
PREFIX  rdf:  <http://www.w3.org/1999/02/22-rdf-syntax-ns#>
PREFIX  xsd:  <http://www.w3.org/2001/XMLSchema#>
PREFIX  rdfs: <http://www.w3.org/2000/01/rdf-schema#>
PREFIX  ntu:  <http://ntu.ac.uk/ont/geo#>

SELECT  ?place
WHERE
  { ?place  rdf:type              ntu:PlaceOfInterest ;
            ntu:hasExactGeometry  ?geom .
    ?geom   geo:asWKT             ?wkt
    FILTER geof:sfContains(?wkt, "Point(-83.4 34.4)"^^sf:wktLiteral)
  }

2016-09-01 15:38:11 - Query Execution Time: 48 ms With 2 Results
2016-09-01 15:38:11 - Executing the 3th query... ...
2016-09-01 15:38:11 - 
PREFIX  geo:  <http://www.opengis.net/ont/geosparql#>
PREFIX  geor: <http://www.opengis.net/def/rule/geosparql/>
PREFIX  uom:  <http://www.opengis.net/def/uom/OGC/1.0/>
PREFIX  sf:   <http://www.opengis.net/ont/sf#>
PREFIX  geof: <http://www.opengis.net/def/function/geosparql/>
PREFIX  rdf:  <http://www.w3.org/1999/02/22-rdf-syntax-ns#>
PREFIX  xsd:  <http://www.w3.org/2001/XMLSchema#>
PREFIX  rdfs: <http://www.w3.org/2000/01/rdf-schema#>
PREFIX  ntu:  <http://ntu.ac.uk/ont/geo#>

SELECT  ?place
WHERE
  { ?place  ntu:hasPointGeometry  ?geom .
    ?geom   geo:asWKT             ?wkt
    FILTER geof:sfWithin(?wkt, "Polygon((-83.6 34.1, -83.0 34.1, -83.0 34.5, -83.6 34.5, -83.6 34.1))"^^sf:wktLiteral)
  }

2016-09-01 15:38:11 - Query Execution Time: 13 ms With 3 Results
2016-09-01 15:38:11 - Executing the 4th query... ...
2016-09-01 15:38:11 - 
PREFIX  geo:  <http://www.opengis.net/ont/geosparql#>
PREFIX  geor: <http://www.opengis.net/def/rule/geosparql/>
PREFIX  uom:  <http://www.opengis.net/def/uom/OGC/1.0/>
PREFIX  sf:   <http://www.opengis.net/ont/sf#>
PREFIX  geof: <http://www.opengis.net/def/function/geosparql/>
PREFIX  rdf:  <http://www.w3.org/1999/02/22-rdf-syntax-ns#>
PREFIX  xsd:  <http://www.w3.org/2001/XMLSchema#>
PREFIX  rdfs: <http://www.w3.org/2000/01/rdf-schema#>
PREFIX  ntu:  <http://ntu.ac.uk/ont/geo#>

SELECT  ?place
WHERE
  { ?place  ntu:hasExactGeometry  ?geom .
    ?geom   geo:asWKT             ?wkt
    FILTER geof:sfIntersects(?wkt, "Polygon((-83.6 34.1, -83.0 34.1, -83.0 34.5, -83.6 34.5, -83.6 34.1))"^^sf:wktLiteral)
  }

2016-09-01 15:38:11 - Query Execution Time: 10 ms With 6 Results
2016-09-01 15:38:11 - Executing the 5th query... ...
2016-09-01 15:38:11 - 
PREFIX  geo:  <http://www.opengis.net/ont/geosparql#>
PREFIX  geor: <http://www.opengis.net/def/rule/geosparql/>
PREFIX  uom:  <http://www.opengis.net/def/uom/OGC/1.0/>
PREFIX  sf:   <http://www.opengis.net/ont/sf#>
PREFIX  geof: <http://www.opengis.net/def/function/geosparql/>
PREFIX  rdf:  <http://www.w3.org/1999/02/22-rdf-syntax-ns#>
PREFIX  xsd:  <http://www.w3.org/2001/XMLSchema#>
PREFIX  rdfs: <http://www.w3.org/2000/01/rdf-schema#>
PREFIX  ntu:  <http://ntu.ac.uk/ont/geo#>

SELECT  ?placeA
WHERE
  { ?placeA  ntu:hasExactGeometry  ?geomA .
    ?geomA   geo:asWKT             ?wktA .
    ntu:C    ntu:hasExactGeometry  ?geomC .
    ?geomC   geo:asWKT             ?wktC
    FILTER geof:sfCrosses(?wktA, ?wktC)
  }

2016-09-01 15:38:11 - Query Execution Time: 12 ms With 1 Result
2016-09-01 15:38:11 - Executing the 6th query... ...
2016-09-01 15:38:11 - 
PREFIX  geo:  <http://www.opengis.net/ont/geosparql#>
PREFIX  geor: <http://www.opengis.net/def/rule/geosparql/>
PREFIX  uom:  <http://www.opengis.net/def/uom/OGC/1.0/>
PREFIX  sf:   <http://www.opengis.net/ont/sf#>
PREFIX  geof: <http://www.opengis.net/def/function/geosparql/>
PREFIX  rdf:  <http://www.w3.org/1999/02/22-rdf-syntax-ns#>
PREFIX  xsd:  <http://www.w3.org/2001/XMLSchema#>
PREFIX  rdfs: <http://www.w3.org/2000/01/rdf-schema#>
PREFIX  ntu:  <http://ntu.ac.uk/ont/geo#>

SELECT  ?placeA ?placeB
WHERE
  { ?placeA  ntu:hasExactGeometry  ?geomA .
    ?geomA   geo:asWKT             ?wktA .
    ?placeB  ntu:hasExactGeometry  ?geomB .
    ?geomB   geo:asWKT             ?wktB
    BIND(geof:distance(?wktA, ?wktB, uom:metre) AS ?dist)
    FILTER ( ( ?dist < 500000 ) && ( ! sameTerm(?geomA, ?geomB) ) )
  }

2016-09-01 15:38:11 - Query Execution Time: 21 ms With 10 Results
2016-09-01 15:38:11 - Executing the 7th query... ...
2016-09-01 15:38:11 - 
PREFIX  geo:  <http://www.opengis.net/ont/geosparql#>
PREFIX  geor: <http://www.opengis.net/def/rule/geosparql/>
PREFIX  uom:  <http://www.opengis.net/def/uom/OGC/1.0/>
PREFIX  sf:   <http://www.opengis.net/ont/sf#>
PREFIX  geof: <http://www.opengis.net/def/function/geosparql/>
PREFIX  rdf:  <http://www.w3.org/1999/02/22-rdf-syntax-ns#>
PREFIX  xsd:  <http://www.w3.org/2001/XMLSchema#>
PREFIX  rdfs: <http://www.w3.org/2000/01/rdf-schema#>
PREFIX  ntu:  <http://ntu.ac.uk/ont/geo#>

SELECT  ?place
WHERE
  { ?place  ntu:hasExactGeometry  ?geom .
    ?geom   geo:asWKT             ?wkt
    BIND(geof:distance(?wkt, "POINT(-83.0 34.0)"^^sf:wktLiteral, uom:metre) AS ?dist)
  }
ORDER BY ASC(?dist)
LIMIT   2

2016-09-01 15:38:11 - Query Execution Time: 20 ms With 2 Results
2016-09-01 15:38:11 - Executing the 8th query... ...
2016-09-01 15:38:11 - 
PREFIX  geo:  <http://www.opengis.net/ont/geosparql#>
PREFIX  geor: <http://www.opengis.net/def/rule/geosparql/>
PREFIX  uom:  <http://www.opengis.net/def/uom/OGC/1.0/>
PREFIX  sf:   <http://www.opengis.net/ont/sf#>
PREFIX  geof: <http://www.opengis.net/def/function/geosparql/>
PREFIX  rdf:  <http://www.w3.org/1999/02/22-rdf-syntax-ns#>
PREFIX  xsd:  <http://www.w3.org/2001/XMLSchema#>
PREFIX  rdfs: <http://www.w3.org/2000/01/rdf-schema#>
PREFIX  ntu:  <http://ntu.ac.uk/ont/geo#>

SELECT  ?place
WHERE
  { ?place  ntu:hasExactGeometry  ?geom .
    ?geom   geo:asWKT             ?wkt .
    ntu:F   ntu:hasExactGeometry  ?geomF .
    ?geomF  geo:asWKT             ?wktF
    BIND(geof:distance(?wkt, ?wktF, uom:metre) AS ?dist)
  }
ORDER BY ASC(?dist)
LIMIT   2

2016-09-01 15:38:11 - Query Execution Time: 12 ms With 2 Results
2016-09-01 15:38:11 - Executing the 9th query... ...
2016-09-01 15:38:11 - 
PREFIX  geo:  <http://www.opengis.net/ont/geosparql#>
PREFIX  geor: <http://www.opengis.net/def/rule/geosparql/>
PREFIX  uom:  <http://www.opengis.net/def/uom/OGC/1.0/>
PREFIX  sf:   <http://www.opengis.net/ont/sf#>
PREFIX  geof: <http://www.opengis.net/def/function/geosparql/>
PREFIX  rdf:  <http://www.w3.org/1999/02/22-rdf-syntax-ns#>
PREFIX  xsd:  <http://www.w3.org/2001/XMLSchema#>
PREFIX  rdfs: <http://www.w3.org/2000/01/rdf-schema#>
PREFIX  ntu:  <http://ntu.ac.uk/ont/geo#>

SELECT  ?overlap
WHERE
  { ?place  ntu:hasExactGeometry  ?geom .
    ?geom   geo:asWKT             ?wkt
    BIND(geof:intersection(?wkt, "Polygon((-83.6 34.1, -83.0 34.1, -83.0 34.5, -83.6 34.5, -83.6 34.1))"^^sf:wktLiteral) AS ?overlap)
    FILTER geof:sfIntersects(?wkt, "Polygon((-83.6 34.1, -83.0 34.1, -83.0 34.5, -83.6 34.5, -83.6 34.1))"^^sf:wktLiteral)
  }

2016-09-01 15:38:11 - Query Execution Time: 12 ms With 6 Results
2016-09-01 15:38:11 - Executing the 10th query... ...
2016-09-01 15:38:11 - 
PREFIX  geo:  <http://www.opengis.net/ont/geosparql#>
PREFIX  geor: <http://www.opengis.net/def/rule/geosparql/>
PREFIX  uom:  <http://www.opengis.net/def/uom/OGC/1.0/>
PREFIX  sf:   <http://www.opengis.net/ont/sf#>
PREFIX  geof: <http://www.opengis.net/def/function/geosparql/>
PREFIX  rdf:  <http://www.w3.org/1999/02/22-rdf-syntax-ns#>
PREFIX  xsd:  <http://www.w3.org/2001/XMLSchema#>
PREFIX  rdfs: <http://www.w3.org/2000/01/rdf-schema#>
PREFIX  ntu:  <http://ntu.ac.uk/ont/geo#>

SELECT  (geof:buffer(?wkt, 10, uom:metre) AS ?buf)
WHERE
  { ntu:B  ntu:hasExactGeometry  ?geom .
    ?geom  geo:asWKT             ?wkt
  }

2016-09-01 15:38:11 - Query Execution Time: 11 ms With 1 Result
2016-09-01 15:38:11 - Executing the 11th query... ...
2016-09-01 15:38:11 - 
PREFIX  geo:  <http://www.opengis.net/ont/geosparql#>
PREFIX  geor: <http://www.opengis.net/def/rule/geosparql/>
PREFIX  uom:  <http://www.opengis.net/def/uom/OGC/1.0/>
PREFIX  sf:   <http://www.opengis.net/ont/sf#>
PREFIX  geof: <http://www.opengis.net/def/function/geosparql/>
PREFIX  rdf:  <http://www.w3.org/1999/02/22-rdf-syntax-ns#>
PREFIX  xsd:  <http://www.w3.org/2001/XMLSchema#>
PREFIX  rdfs: <http://www.w3.org/2000/01/rdf-schema#>
PREFIX  ntu:  <http://ntu.ac.uk/ont/geo#>

SELECT  (geof:union(?wktC, ?wktB) AS ?union)
WHERE
  { ntu:B   ntu:hasExactGeometry  ?geomB .
    ?geomB  geo:asWKT             ?wktB .
    ntu:C   ntu:hasExactGeometry  ?geomC .
    ?geomC  geo:asWKT             ?wktC
  }

2016-09-01 15:38:11 - Query Execution Time: 10 ms With 1 Result
2016-09-01 15:38:11 - Executing the 12th query... ...
2016-09-01 15:38:11 - 
PREFIX  geo:  <http://www.opengis.net/ont/geosparql#>
PREFIX  geor: <http://www.opengis.net/def/rule/geosparql/>
PREFIX  uom:  <http://www.opengis.net/def/uom/OGC/1.0/>
PREFIX  sf:   <http://www.opengis.net/ont/sf#>
PREFIX  geof: <http://www.opengis.net/def/function/geosparql/>
PREFIX  rdf:  <http://www.w3.org/1999/02/22-rdf-syntax-ns#>
PREFIX  xsd:  <http://www.w3.org/2001/XMLSchema#>
PREFIX  rdfs: <http://www.w3.org/2000/01/rdf-schema#>
PREFIX  ntu:  <http://ntu.ac.uk/ont/geo#>

SELECT  ?place (COUNT(?geom) AS ?no_objects)
WHERE
  { ?place  ntu:hasExactGeometry  ?geom .
    ?geom   geo:asWKT             ?wkt
    FILTER geof:sfWithin(?wkt, "Polygon((-83.6 34.1, -83.0 34.1, -83.0 34.5, -83.6 34.5, -83.6 34.1))"^^sf:wktLiteral)
  }
GROUP BY ?place

2016-09-01 15:38:11 - Query Execution Time: 19 ms With 4 Results
2016-09-01 15:38:11 - Executing the 13th query... ...
2016-09-01 15:38:11 - 
PREFIX  geo:  <http://www.opengis.net/ont/geosparql#>
PREFIX  geor: <http://www.opengis.net/def/rule/geosparql/>
PREFIX  uom:  <http://www.opengis.net/def/uom/OGC/1.0/>
PREFIX  sf:   <http://www.opengis.net/ont/sf#>
PREFIX  geof: <http://www.opengis.net/def/function/geosparql/>
PREFIX  rdf:  <http://www.w3.org/1999/02/22-rdf-syntax-ns#>
PREFIX  xsd:  <http://www.w3.org/2001/XMLSchema#>
PREFIX  rdfs: <http://www.w3.org/2000/01/rdf-schema#>
PREFIX  ntu:  <http://ntu.ac.uk/ont/geo#>

SELECT  ?place
WHERE
  { ?place  ntu:hasExactGeometry  ?geom .
    ?geom   geo:asWKT             ?wkt
    FILTER NOT EXISTS { ntu:A   ntu:hasExactGeometry  ?geomA .
                        ?geomA  geo:asWKT             ?wktA
                        FILTER ( geof:distance(?wkt, ?wktA, uom:metre) < 100000 )
                      }
  }

2016-09-01 15:38:11 - Query Execution Time: 12 ms With 4 Results
